2018-10-20 14:37:55.508 DEBUG 5560 --- [restartedMain] o.s.w.c.s.StandardServletEnvironment     : Adding PropertySource 'configurationProperties' with highest search precedence
2018-10-20 14:37:55.594 DEBUG 5560 --- [restartedMain] o.s.w.c.s.StandardServletEnvironment     : Adding PropertySource 'servletConfigInitParams' with lowest search precedence
2018-10-20 14:37:55.594 DEBUG 5560 --- [restartedMain] o.s.w.c.s.StandardServletEnvironment     : Adding PropertySource 'servletContextInitParams' with lowest search precedence
2018-10-20 14:37:55.595 DEBUG 5560 --- [restartedMain] o.s.w.c.s.StandardServletEnvironment     : Adding PropertySource 'systemProperties' with lowest search precedence
2018-10-20 14:37:55.595 DEBUG 5560 --- [restartedMain] o.s.w.c.s.StandardServletEnvironment     : Adding PropertySource 'systemEnvironment' with lowest search precedence
2018-10-20 14:37:55.595 DEBUG 5560 --- [restartedMain] o.s.w.c.s.StandardServletEnvironment     : Initialized StandardServletEnvironment with PropertySources [StubPropertySource {name='servletConfigInitParams'}, StubPropertySource {name='servletContextInitParams'}, MapPropertySource {name='systemProperties'}, SystemEnvironmentPropertySource {name='systemEnvironment'}]
2018-10-20 14:37:55.704  INFO 5560 --- [restartedMain] c.julian.deliverp.DelivererpApplication  : Starting DelivererpApplication on RESTART1517 with PID 5560 (C:\Users\RESTART\Documents\workspace-spring-tool-suite-4-4.0.0.RELEASE\deliverp-core\target\classes started by RESTART in C:\Users\RESTART\Documents\workspace-spring-tool-suite-4-4.0.0.RELEASE\deliverp-core)
2018-10-20 14:37:55.706  INFO 5560 --- [restartedMain] c.julian.deliverp.DelivererpApplication  : No active profile set, falling back to default profiles: default
2018-10-20 14:37:55.796  INFO 5560 --- [restartedMain] ConfigServletWebServerApplicationContext : Refreshing org.springframework.boot.web.servlet.context.AnnotationConfigServletWebServerApplicationContext@11d20836: startup date [Sat Oct 20 14:37:55 CEST 2018]; root of context hierarchy
2018-10-20 14:37:57.812 DEBUG 5560 --- [restartedMain] o.s.w.c.s.StandardServletEnvironment     : Removing PropertySource 'defaultProperties'
2018-10-20 14:37:58.058  INFO 5560 --- [restartedMain] trationDelegate$BeanPostProcessorChecker : Bean 'org.springframework.transaction.annotation.ProxyTransactionManagementConfiguration' of type [org.springframework.transaction.annotation.ProxyTransactionManagementConfiguration$$EnhancerBySpringCGLIB$$59c42475] is not eligible for getting processed by all BeanPostProcessors (for example: not eligible for auto-proxying)
2018-10-20 14:38:03.819  INFO 5560 --- [restartedMain] o.s.b.w.embedded.tomcat.TomcatWebServer  : Tomcat initialized with port(s): 8080 (http)
2018-10-20 14:38:03.886  INFO 5560 --- [restartedMain] o.apache.catalina.core.StandardService   : Starting service [Tomcat]
2018-10-20 14:38:03.889  INFO 5560 --- [restartedMain] org.apache.catalina.core.StandardEngine  : Starting Servlet Engine: Apache Tomcat/8.5.34
2018-10-20 14:38:03.904  INFO 5560 --- [localhost-startStop-1] o.a.catalina.core.AprLifecycleListener   : The APR based Apache Tomcat Native library which allows optimal performance in production environments was not found on the java.library.path: [C:\programowanie\bin;C:\Windows\Sun\Java\bin;C:\Windows\system32;C:\Windows;C:/programowanie/bin/server;C:/programowanie/bin;C:/programowanie/lib/amd64;C:\Program Files (x86)\Intel\iCLS Client\;C:\Program Files\Intel\iCLS Client\;C:\Program Files (x86)\Common Files\Oracle\Java\javapath;C:\Windows\system32;C:\Windows;C:\Windows\System32\Wbem;C:\Windows\System32\WindowsPowerShell\v1.0\;C:\Program Files\Git\cmd;C:\Program Files\Intel\WiFi\bin\;C:\Program Files\Common Files\Intel\WirelessCommon\;C:\Program Files (x86)\Intel\Intel(R) Management Engine Components\DAL;C:\Program Files\Intel\Intel(R) Management Engine Components\DAL;C:\Program Files (x86)\Intel\Intel(R) Management Engine Components\IPT;C:\Program Files\Intel\Intel(R) Management Engine Components\IPT;C:\Program Files (x86)\Intel\UCRT\;C:\Program Files\Intel\UCRT\;C:\programowanie\bin;C:\Program Files\Intel\WiFi\bin\;C:\Program Files\Common Files\Intel\WirelessCommon\;C:\programowanie\sts-4.0.0.RELEASE;;.]
2018-10-20 14:38:04.071  INFO 5560 --- [localhost-startStop-1] o.a.c.c.C.[Tomcat].[localhost].[/]       : Initializing Spring embedded WebApplicationContext
2018-10-20 14:38:04.071 DEBUG 5560 --- [localhost-startStop-1] o.s.web.context.ContextLoader            : Published root WebApplicationContext as ServletContext attribute with name [org.springframework.web.context.WebApplicationContext.ROOT]
2018-10-20 14:38:04.072  INFO 5560 --- [localhost-startStop-1] o.s.web.context.ContextLoader            : Root WebApplicationContext: initialization completed in 8277 ms
2018-10-20 14:38:04.228  INFO 5560 --- [localhost-startStop-1] o.s.b.w.servlet.ServletRegistrationBean  : Servlet dispatcherServlet mapped to [/]
2018-10-20 14:38:04.230  INFO 5560 --- [localhost-startStop-1] o.s.b.w.servlet.ServletRegistrationBean  : Servlet webServlet mapped to [/h2-console/*]
2018-10-20 14:38:04.236  INFO 5560 --- [localhost-startStop-1] o.s.b.w.servlet.FilterRegistrationBean   : Mapping filter: 'characterEncodingFilter' to: [/*]
2018-10-20 14:38:04.236  INFO 5560 --- [localhost-startStop-1] o.s.b.w.servlet.FilterRegistrationBean   : Mapping filter: 'hiddenHttpMethodFilter' to: [/*]
2018-10-20 14:38:04.236  INFO 5560 --- [localhost-startStop-1] o.s.b.w.servlet.FilterRegistrationBean   : Mapping filter: 'httpPutFormContentFilter' to: [/*]
2018-10-20 14:38:04.237  INFO 5560 --- [localhost-startStop-1] o.s.b.w.servlet.FilterRegistrationBean   : Mapping filter: 'requestContextFilter' to: [/*]
2018-10-20 14:38:04.269 DEBUG 5560 --- [restartedMain] o.s.w.c.s.StandardServletEnvironment     : Replacing PropertySource 'servletContextInitParams' with 'servletContextInitParams'
2018-10-20 14:38:04.390  INFO 5560 --- [restartedMain] com.zaxxer.hikari.HikariDataSource       : HikariPool-1 - Starting...
2018-10-20 14:38:04.828  INFO 5560 --- [restartedMain] com.zaxxer.hikari.HikariDataSource       : HikariPool-1 - Start completed.
2018-10-20 14:38:04.858  INFO 5560 --- [restartedMain] o.s.jdbc.datasource.init.ScriptUtils     : Executing SQL script from URL [file:/C:/Users/RESTART/Documents/workspace-spring-tool-suite-4-4.0.0.RELEASE/deliverp-core/target/classes/schema.sql]
2018-10-20 14:38:04.867  INFO 5560 --- [restartedMain] o.s.jdbc.datasource.init.ScriptUtils     : Executed SQL script from URL [file:/C:/Users/RESTART/Documents/workspace-spring-tool-suite-4-4.0.0.RELEASE/deliverp-core/target/classes/schema.sql] in 8 ms.
2018-10-20 14:38:05.069  INFO 5560 --- [restartedMain] j.LocalContainerEntityManagerFactoryBean : Building JPA container EntityManagerFactory for persistence unit 'default'
2018-10-20 14:38:07.028  INFO 5560 --- [restartedMain] j.LocalContainerEntityManagerFactoryBean : Initialized JPA EntityManagerFactory for persistence unit 'default'
2018-10-20 14:38:07.767  INFO 5560 --- [restartedMain] o.s.w.s.handler.SimpleUrlHandlerMapping  : Mapped URL path [/**/favicon.ico] onto handler of type [class org.springframework.web.servlet.resource.ResourceHttpRequestHandler]
2018-10-20 14:38:08.514  INFO 5560 --- [restartedMain] s.w.s.m.m.a.RequestMappingHandlerAdapter : Looking for @ControllerAdvice: org.springframework.boot.web.servlet.context.AnnotationConfigServletWebServerApplicationContext@11d20836: startup date [Sat Oct 20 14:37:55 CEST 2018]; root of context hierarchy
2018-10-20 14:38:08.596  WARN 5560 --- [restartedMain] aWebConfiguration$JpaWebMvcConfiguration : spring.jpa.open-in-view is enabled by default. Therefore, database queries may be performed during view rendering. Explicitly configure spring.jpa.open-in-view to disable this warning
2018-10-20 14:38:08.717 DEBUG 5560 --- [restartedMain] s.w.s.m.m.a.RequestMappingHandlerMapping : Looking for request mappings in application context: org.springframework.boot.web.servlet.context.AnnotationConfigServletWebServerApplicationContext@11d20836: startup date [Sat Oct 20 14:37:55 CEST 2018]; root of context hierarchy
2018-10-20 14:38:08.745 DEBUG 5560 --- [restartedMain] s.w.s.m.m.a.RequestMappingHandlerMapping : 2 request handler methods found on class org.springframework.boot.autoconfigure.web.servlet.error.BasicErrorController: {public org.springframework.http.ResponseEntity org.springframework.boot.autoconfigure.web.servlet.error.BasicErrorController.error(javax.servlet.http.HttpServletRequest)={[/error]}, public org.springframework.web.servlet.ModelAndView org.springframework.boot.autoconfigure.web.servlet.error.BasicErrorController.errorHtml(javax.servlet.http.HttpServletRequest,javax.servlet.http.HttpServletResponse)={[/error],produces=[text/html]}}
2018-10-20 14:38:08.747  INFO 5560 --- [restartedMain] s.w.s.m.m.a.RequestMappingHandlerMapping : Mapped "{[/error]}" onto public org.springframework.http.ResponseEntity<java.util.Map<java.lang.String, java.lang.Object>> org.springframework.boot.autoconfigure.web.servlet.error.BasicErrorController.error(javax.servlet.http.HttpServletRequest)
2018-10-20 14:38:08.750  INFO 5560 --- [restartedMain] s.w.s.m.m.a.RequestMappingHandlerMapping : Mapped "{[/error],produces=[text/html]}" onto public org.springframework.web.servlet.ModelAndView org.springframework.boot.autoconfigure.web.servlet.error.BasicErrorController.errorHtml(javax.servlet.http.HttpServletRequest,javax.servlet.http.HttpServletResponse)
2018-10-20 14:38:08.816 DEBUG 5560 --- [restartedMain] o.s.w.s.h.BeanNameUrlHandlerMapping      : Looking for URL mappings in application context: org.springframework.boot.web.servlet.context.AnnotationConfigServletWebServerApplicationContext@11d20836: startup date [Sat Oct 20 14:37:55 CEST 2018]; root of context hierarchy
2018-10-20 14:38:08.816 DEBUG 5560 --- [restartedMain] o.s.w.s.h.BeanNameUrlHandlerMapping      : Rejected bean name 'org.springframework.context.annotation.internalConfigurationAnnotationProcessor': no URL paths identified
2018-10-20 14:38:08.817 DEBUG 5560 --- [restartedMain] o.s.w.s.h.BeanNameUrlHandlerMapping      : Rejected bean name 'org.springframework.context.annotation.internalAutowiredAnnotationProcessor': no URL paths identified
2018-10-20 14:38:08.817 DEBUG 5560 --- [restartedMain] o.s.w.s.h.BeanNameUrlHandlerMapping      : Rejected bean name 'org.springframework.context.annotation.internalRequiredAnnotationProcessor': no URL paths identified
2018-10-20 14:38:08.817 DEBUG 5560 --- [restartedMain] o.s.w.s.h.BeanNameUrlHandlerMapping      : Rejected bean name 'org.springframework.context.annotation.internalCommonAnnotationProcessor': no URL paths identified
2018-10-20 14:38:08.817 DEBUG 5560 --- [restartedMain] o.s.w.s.h.BeanNameUrlHandlerMapping      : Rejected bean name 'org.springframework.context.annotation.internalPersistenceAnnotationProcessor': no URL paths identified
2018-10-20 14:38:08.817 DEBUG 5560 --- [restartedMain] o.s.w.s.h.BeanNameUrlHandlerMapping      : Rejected bean name 'org.springframework.context.event.internalEventListenerProcessor': no URL paths identified
2018-10-20 14:38:08.817 DEBUG 5560 --- [restartedMain] o.s.w.s.h.BeanNameUrlHandlerMapping      : Rejected bean name 'org.springframework.context.event.internalEventListenerFactory': no URL paths identified
2018-10-20 14:38:08.818 DEBUG 5560 --- [restartedMain] o.s.w.s.h.BeanNameUrlHandlerMapping      : Rejected bean name 'delivererpApplication': no URL paths identified
2018-10-20 14:38:08.818 DEBUG 5560 --- [restartedMain] o.s.w.s.h.BeanNameUrlHandlerMapping      : Rejected bean name 'org.springframework.boot.autoconfigure.internalCachingMetadataReaderFactory': no URL paths identified
2018-10-20 14:38:08.818 DEBUG 5560 --- [restartedMain] o.s.w.s.h.BeanNameUrlHandlerMapping      : Rejected bean name 'orderMapper': no URL paths identified
2018-10-20 14:38:08.819 DEBUG 5560 --- [restartedMain] o.s.w.s.h.BeanNameUrlHandlerMapping      : Rejected bean name 'init': no URL paths identified
2018-10-20 14:38:08.819 DEBUG 5560 --- [restartedMain] o.s.w.s.h.BeanNameUrlHandlerMapping      : Rejected bean name 'org.springframework.boot.autoconfigure.AutoConfigurationPackages': no URL paths identified
2018-10-20 14:38:08.820 DEBUG 5560 --- [restartedMain] o.s.w.s.h.BeanNameUrlHandlerMapping      : Rejected bean name 'org.springframework.boot.autoconfigure.context.PropertyPlaceholderAutoConfiguration': no URL paths identified
2018-10-20 14:38:08.823 DEBUG 5560 --- [restartedMain] o.s.w.s.h.BeanNameUrlHandlerMapping      : Rejected bean name 'org.springframework.boot.autoconfigure.condition.BeanTypeRegistry': no URL paths identified
2018-10-20 14:38:08.824 DEBUG 5560 --- [restartedMain] o.s.w.s.h.BeanNameUrlHandlerMapping      : Rejected bean name 'propertySourcesPlaceholderConfigurer': no URL paths identified
2018-10-20 14:38:08.824 DEBUG 5560 --- [restartedMain] o.s.w.s.h.BeanNameUrlHandlerMapping      : Rejected bean name 'org.springframework.boot.autoconfigure.websocket.servlet.WebSocketServletAutoConfiguration$TomcatWebSocketConfiguration': no URL paths identified
2018-10-20 14:38:08.826 DEBUG 5560 --- [restartedMain] o.s.w.s.h.BeanNameUrlHandlerMapping      : Rejected bean name 'websocketContainerCustomizer': no URL paths identified
2018-10-20 14:38:08.826 DEBUG 5560 --- [restartedMain] o.s.w.s.h.BeanNameUrlHandlerMapping      : Rejected bean name 'org.springframework.boot.autoconfigure.websocket.servlet.WebSocketServletAutoConfiguration': no URL paths identified
2018-10-20 14:38:08.827 DEBUG 5560 --- [restartedMain] o.s.w.s.h.BeanNameUrlHandlerMapping      : Rejected bean name 'org.springframework.boot.autoconfigure.web.servlet.ServletWebServerFactoryConfiguration$EmbeddedTomcat': no URL paths identified
2018-10-20 14:38:08.827 DEBUG 5560 --- [restartedMain] o.s.w.s.h.BeanNameUrlHandlerMapping      : Rejected bean name 'tomcatServletWebServerFactory': no URL paths identified
2018-10-20 14:38:08.828 DEBUG 5560 --- [restartedMain] o.s.w.s.h.BeanNameUrlHandlerMapping      : Rejected bean name 'org.springframework.boot.autoconfigure.web.servlet.ServletWebServerFactoryAutoConfiguration': no URL paths identified
2018-10-20 14:38:08.828 DEBUG 5560 --- [restartedMain] o.s.w.s.h.BeanNameUrlHandlerMapping      : Rejected bean name 'servletWebServerFactoryCustomizer': no URL paths identified
2018-10-20 14:38:08.829 DEBUG 5560 --- [restartedMain] o.s.w.s.h.BeanNameUrlHandlerMapping      : Rejected bean name 'tomcatServletWebServerFactoryCustomizer': no URL paths identified
2018-10-20 14:38:08.829 DEBUG 5560 --- [restartedMain] o.s.w.s.h.BeanNameUrlHandlerMapping      : Rejected bean name 'server-org.springframework.boot.autoconfigure.web.ServerProperties': no URL paths identified
2018-10-20 14:38:08.830 DEBUG 5560 --- [restartedMain] o.s.w.s.h.BeanNameUrlHandlerMapping      : Rejected bean name 'org.springframework.boot.context.properties.ConfigurationPropertiesBindingPostProcessor': no URL paths identified
2018-10-20 14:38:08.831 DEBUG 5560 --- [restartedMain] o.s.w.s.h.BeanNameUrlHandlerMapping      : Rejected bean name 'org.springframework.boot.context.properties.ConfigurationBeanFactoryMetadata': no URL paths identified
2018-10-20 14:38:08.831 DEBUG 5560 --- [restartedMain] o.s.w.s.h.BeanNameUrlHandlerMapping      : Rejected bean name 'webServerFactoryCustomizerBeanPostProcessor': no URL paths identified
2018-10-20 14:38:08.831 DEBUG 5560 --- [restartedMain] o.s.w.s.h.BeanNameUrlHandlerMapping      : Rejected bean name 'errorPageRegistrarBeanPostProcessor': no URL paths identified
2018-10-20 14:38:08.831 DEBUG 5560 --- [restartedMain] o.s.w.s.h.BeanNameUrlHandlerMapping      : Rejected bean name 'org.springframework.boot.autoconfigure.web.servlet.DispatcherServletAutoConfiguration$DispatcherServletConfiguration': no URL paths identified
2018-10-20 14:38:08.831 DEBUG 5560 --- [restartedMain] o.s.w.s.h.BeanNameUrlHandlerMapping      : Rejected bean name 'dispatcherServlet': no URL paths identified
2018-10-20 14:38:08.831 DEBUG 5560 --- [restartedMain] o.s.w.s.h.BeanNameUrlHandlerMapping      : Rejected bean name 'spring.mvc-org.springframework.boot.autoconfigure.web.servlet.WebMvcProperties': no URL paths identified
2018-10-20 14:38:08.831 DEBUG 5560 --- [restartedMain] o.s.w.s.h.BeanNameUrlHandlerMapping      : Rejected bean name 'org.springframework.boot.autoconfigure.web.servlet.DispatcherServletAutoConfiguration$DispatcherServletRegistrationConfiguration': no URL paths identified
2018-10-20 14:38:08.832 DEBUG 5560 --- [restartedMain] o.s.w.s.h.BeanNameUrlHandlerMapping      : Rejected bean name 'dispatcherServletRegistration': no URL paths identified
2018-10-20 14:38:08.832 DEBUG 5560 --- [restartedMain] o.s.w.s.h.BeanNameUrlHandlerMapping      : Rejected bean name 'org.springframework.boot.autoconfigure.web.servlet.DispatcherServletAutoConfiguration': no URL paths identified
2018-10-20 14:38:08.833 DEBUG 5560 --- [restartedMain] o.s.w.s.h.BeanNameUrlHandlerMapping      : Rejected bean name 'org.springframework.boot.autoconfigure.validation.ValidationAutoConfiguration': no URL paths identified
2018-10-20 14:38:08.834 DEBUG 5560 --- [restartedMain] o.s.w.s.h.BeanNameUrlHandlerMapping      : Rejected bean name 'defaultValidator': no URL paths identified
2018-10-20 14:38:08.834 DEBUG 5560 --- [restartedMain] o.s.w.s.h.BeanNameUrlHandlerMapping      : Rejected bean name 'methodValidationPostProcessor': no URL paths identified
2018-10-20 14:38:08.834 DEBUG 5560 --- [restartedMain] o.s.w.s.h.BeanNameUrlHandlerMapping      : Rejected bean name 'org.springframework.boot.autoconfigure.web.servlet.error.ErrorMvcAutoConfiguration$WhitelabelErrorViewConfiguration': no URL paths identified
2018-10-20 14:38:08.835 DEBUG 5560 --- [restartedMain] o.s.w.s.h.BeanNameUrlHandlerMapping      : Rejected bean name 'error': no URL paths identified
2018-10-20 14:38:08.835 DEBUG 5560 --- [restartedMain] o.s.w.s.h.BeanNameUrlHandlerMapping      : Rejected bean name 'beanNameViewResolver': no URL paths identified
2018-10-20 14:38:08.835 DEBUG 5560 --- [restartedMain] o.s.w.s.h.BeanNameUrlHandlerMapping      : Rejected bean name 'org.springframework.boot.autoconfigure.web.servlet.error.ErrorMvcAutoConfiguration$DefaultErrorViewResolverConfiguration': no URL paths identified
2018-10-20 14:38:08.836 DEBUG 5560 --- [restartedMain] o.s.w.s.h.BeanNameUrlHandlerMapping      : Rejected bean name 'conventionErrorViewResolver': no URL paths identified
2018-10-20 14:38:08.836 DEBUG 5560 --- [restartedMain] o.s.w.s.h.BeanNameUrlHandlerMapping      : Rejected bean name 'org.springframework.boot.autoconfigure.web.servlet.error.ErrorMvcAutoConfiguration': no URL paths identified
2018-10-20 14:38:08.837 DEBUG 5560 --- [restartedMain] o.s.w.s.h.BeanNameUrlHandlerMapping      : Rejected bean name 'errorAttributes': no URL paths identified
2018-10-20 14:38:08.837 DEBUG 5560 --- [restartedMain] o.s.w.s.h.BeanNameUrlHandlerMapping      : Rejected bean name 'basicErrorController': no URL paths identified
2018-10-20 14:38:08.837 DEBUG 5560 --- [restartedMain] o.s.w.s.h.BeanNameUrlHandlerMapping      : Rejected bean name 'errorPageCustomizer': no URL paths identified
2018-10-20 14:38:08.837 DEBUG 5560 --- [restartedMain] o.s.w.s.h.BeanNameUrlHandlerMapping      : Rejected bean name 'preserveErrorControllerTargetClassPostProcessor': no URL paths identified
2018-10-20 14:38:08.837 DEBUG 5560 --- [restartedMain] o.s.w.s.h.BeanNameUrlHandlerMapping      : Rejected bean name 'spring.resources-org.springframework.boot.autoconfigure.web.ResourceProperties': no URL paths identified
2018-10-20 14:38:08.837 DEBUG 5560 --- [restartedMain] o.s.w.s.h.BeanNameUrlHandlerMapping      : Rejected bean name 'org.springframework.boot.autoconfigure.web.servlet.WebMvcAutoConfiguration$WebMvcAutoConfigurationAdapter$FaviconConfiguration': no URL paths identified
2018-10-20 14:38:08.837 DEBUG 5560 --- [restartedMain] o.s.w.s.h.BeanNameUrlHandlerMapping      : Rejected bean name 'faviconHandlerMapping': no URL paths identified
2018-10-20 14:38:08.838 DEBUG 5560 --- [restartedMain] o.s.w.s.h.BeanNameUrlHandlerMapping      : Rejected bean name 'faviconRequestHandler': no URL paths identified
2018-10-20 14:38:08.838 DEBUG 5560 --- [restartedMain] o.s.w.s.h.BeanNameUrlHandlerMapping      : Rejected bean name 'org.springframework.boot.autoconfigure.web.servlet.WebMvcAutoConfiguration$EnableWebMvcConfiguration': no URL paths identified
2018-10-20 14:38:08.838 DEBUG 5560 --- [restartedMain] o.s.w.s.h.BeanNameUrlHandlerMapping      : Rejected bean name 'requestMappingHandlerAdapter': no URL paths identified
2018-10-20 14:38:08.838 DEBUG 5560 --- [restartedMain] o.s.w.s.h.BeanNameUrlHandlerMapping      : Rejected bean name 'requestMappingHandlerMapping': no URL paths identified
2018-10-20 14:38:08.838 DEBUG 5560 --- [restartedMain] o.s.w.s.h.BeanNameUrlHandlerMapping      : Rejected bean name 'mvcConversionService': no URL paths identified
2018-10-20 14:38:08.838 DEBUG 5560 --- [restartedMain] o.s.w.s.h.BeanNameUrlHandlerMapping      : Rejected bean name 'mvcValidator': no URL paths identified
2018-10-20 14:38:08.838 DEBUG 5560 --- [restartedMain] o.s.w.s.h.BeanNameUrlHandlerMapping      : Rejected bean name 'mvcContentNegotiationManager': no URL paths identified
2018-10-20 14:38:08.838 DEBUG 5560 --- [restartedMain] o.s.w.s.h.BeanNameUrlHandlerMapping      : Rejected bean name 'mvcPathMatcher': no URL paths identified
2018-10-20 14:38:08.838 DEBUG 5560 --- [restartedMain] o.s.w.s.h.BeanNameUrlHandlerMapping      : Rejected bean name 'mvcUrlPathHelper': no URL paths identified
2018-10-20 14:38:08.838 DEBUG 5560 --- [restartedMain] o.s.w.s.h.BeanNameUrlHandlerMapping      : Rejected bean name 'viewControllerHandlerMapping': no URL paths identified
2018-10-20 14:38:08.838 DEBUG 5560 --- [restartedMain] o.s.w.s.h.BeanNameUrlHandlerMapping      : Rejected bean name 'beanNameHandlerMapping': no URL paths identified
2018-10-20 14:38:08.839 DEBUG 5560 --- [restartedMain] o.s.w.s.h.BeanNameUrlHandlerMapping      : Rejected bean name 'resourceHandlerMapping': no URL paths identified
2018-10-20 14:38:08.839 DEBUG 5560 --- [restartedMain] o.s.w.s.h.BeanNameUrlHandlerMapping      : Rejected bean name 'mvcResourceUrlProvider': no URL paths identified
2018-10-20 14:38:08.839 DEBUG 5560 --- [restartedMain] o.s.w.s.h.BeanNameUrlHandlerMapping      : Rejected bean name 'defaultServletHandlerMapping': no URL paths identified
2018-10-20 14:38:08.839 DEBUG 5560 --- [restartedMain] o.s.w.s.h.BeanNameUrlHandlerMapping      : Rejected bean name 'mvcUriComponentsContributor': no URL paths identified
2018-10-20 14:38:08.840 DEBUG 5560 --- [restartedMain] o.s.w.s.h.BeanNameUrlHandlerMapping      : Rejected bean name 'httpRequestHandlerAdapter': no URL paths identified
2018-10-20 14:38:08.840 DEBUG 5560 --- [restartedMain] o.s.w.s.h.BeanNameUrlHandlerMapping      : Rejected bean name 'simpleControllerHandlerAdapter': no URL paths identified
2018-10-20 14:38:08.840 DEBUG 5560 --- [restartedMain] o.s.w.s.h.BeanNameUrlHandlerMapping      : Rejected bean name 'handlerExceptionResolver': no URL paths identified
2018-10-20 14:38:08.840 DEBUG 5560 --- [restartedMain] o.s.w.s.h.BeanNameUrlHandlerMapping      : Rejected bean name 'mvcViewResolver': no URL paths identified
2018-10-20 14:38:08.841 DEBUG 5560 --- [restartedMain] o.s.w.s.h.BeanNameUrlHandlerMapping      : Rejected bean name 'mvcHandlerMappingIntrospector': no URL paths identified
2018-10-20 14:38:08.841 DEBUG 5560 --- [restartedMain] o.s.w.s.h.BeanNameUrlHandlerMapping      : Rejected bean name 'org.springframework.boot.autoconfigure.web.servlet.WebMvcAutoConfiguration$WebMvcAutoConfigurationAdapter': no URL paths identified
2018-10-20 14:38:08.841 DEBUG 5560 --- [restartedMain] o.s.w.s.h.BeanNameUrlHandlerMapping      : Rejected bean name 'defaultViewResolver': no URL paths identified
2018-10-20 14:38:08.841 DEBUG 5560 --- [restartedMain] o.s.w.s.h.BeanNameUrlHandlerMapping      : Rejected bean name 'viewResolver': no URL paths identified
2018-10-20 14:38:08.841 DEBUG 5560 --- [restartedMain] o.s.w.s.h.BeanNameUrlHandlerMapping      : Rejected bean name 'welcomePageHandlerMapping': no URL paths identified
2018-10-20 14:38:08.841 DEBUG 5560 --- [restartedMain] o.s.w.s.h.BeanNameUrlHandlerMapping      : Rejected bean name 'requestContextFilter': no URL paths identified
2018-10-20 14:38:08.841 DEBUG 5560 --- [restartedMain] o.s.w.s.h.BeanNameUrlHandlerMapping      : Rejected bean name 'org.springframework.boot.autoconfigure.web.servlet.WebMvcAutoConfiguration': no URL paths identified
2018-10-20 14:38:08.841 DEBUG 5560 --- [restartedMain] o.s.w.s.h.BeanNameUrlHandlerMapping      : Rejected bean name 'hiddenHttpMethodFilter': no URL paths identified
2018-10-20 14:38:08.842 DEBUG 5560 --- [restartedMain] o.s.w.s.h.BeanNameUrlHandlerMapping      : Rejected bean name 'httpPutFormContentFilter': no URL paths identified
2018-10-20 14:38:08.842 DEBUG 5560 --- [restartedMain] o.s.w.s.h.BeanNameUrlHandlerMapping      : Rejected bean name 'org.springframework.boot.autoconfigure.jmx.JmxAutoConfiguration': no URL paths identified
2018-10-20 14:38:08.842 DEBUG 5560 --- [restartedMain] o.s.w.s.h.BeanNameUrlHandlerMapping      : Rejected bean name 'mbeanExporter': no URL paths identified
2018-10-20 14:38:08.842 DEBUG 5560 --- [restartedMain] o.s.w.s.h.BeanNameUrlHandlerMapping      : Rejected bean name 'objectNamingStrategy': no URL paths identified
2018-10-20 14:38:08.843 DEBUG 5560 --- [restartedMain] o.s.w.s.h.BeanNameUrlHandlerMapping      : Rejected bean name 'mbeanServer': no URL paths identified
2018-10-20 14:38:08.843 DEBUG 5560 --- [restartedMain] o.s.w.s.h.BeanNameUrlHandlerMapping      : Rejected bean name 'org.springframework.boot.autoconfigure.aop.AopAutoConfiguration$CglibAutoProxyConfiguration': no URL paths identified
2018-10-20 14:38:08.843 DEBUG 5560 --- [restartedMain] o.s.w.s.h.BeanNameUrlHandlerMapping      : Rejected bean name 'org.springframework.aop.config.internalAutoProxyCreator': no URL paths identified
2018-10-20 14:38:08.844 DEBUG 5560 --- [restartedMain] o.s.w.s.h.BeanNameUrlHandlerMapping      : Rejected bean name 'org.springframework.boot.autoconfigure.aop.AopAutoConfiguration': no URL paths identified
2018-10-20 14:38:08.844 DEBUG 5560 --- [restartedMain] o.s.w.s.h.BeanNameUrlHandlerMapping      : Rejected bean name 'org.springframework.boot.autoconfigure.transaction.jta.JtaAutoConfiguration': no URL paths identified
2018-10-20 14:38:08.845 DEBUG 5560 --- [restartedMain] o.s.w.s.h.BeanNameUrlHandlerMapping      : Rejected bean name 'spring.jta-org.springframework.boot.autoconfigure.transaction.jta.JtaProperties': no URL paths identified
2018-10-20 14:38:08.848 DEBUG 5560 --- [restartedMain] o.s.w.s.h.BeanNameUrlHandlerMapping      : Rejected bean name 'org.springframework.boot.autoconfigure.jdbc.DataSourceConfiguration$Hikari': no URL paths identified
2018-10-20 14:38:08.853 DEBUG 5560 --- [restartedMain] o.s.w.s.h.BeanNameUrlHandlerMapping      : Rejected bean name 'dataSource': no URL paths identified
2018-10-20 14:38:08.857 DEBUG 5560 --- [restartedMain] o.s.w.s.h.BeanNameUrlHandlerMapping      : Rejected bean name 'org.springframework.boot.autoconfigure.jdbc.DataSourceJmxConfiguration$Hikari': no URL paths identified
2018-10-20 14:38:08.858 DEBUG 5560 --- [restartedMain] o.s.w.s.h.BeanNameUrlHandlerMapping      : Rejected bean name 'org.springframework.boot.autoconfigure.jdbc.DataSourceJmxConfiguration': no URL paths identified
2018-10-20 14:38:08.859 DEBUG 5560 --- [restartedMain] o.s.w.s.h.BeanNameUrlHandlerMapping      : Rejected bean name 'org.springframework.boot.autoconfigure.jdbc.DataSourceAutoConfiguration$PooledDataSourceConfiguration': no URL paths identified
2018-10-20 14:38:08.859 DEBUG 5560 --- [restartedMain] o.s.w.s.h.BeanNameUrlHandlerMapping      : Rejected bean name 'org.springframework.boot.autoconfigure.jdbc.metadata.DataSourcePoolMetadataProvidersConfiguration$HikariPoolDataSourceMetadataProviderConfiguration': no URL paths identified
2018-10-20 14:38:08.860 DEBUG 5560 --- [restartedMain] o.s.w.s.h.BeanNameUrlHandlerMapping      : Rejected bean name 'hikariPoolDataSourceMetadataProvider': no URL paths identified
2018-10-20 14:38:08.861 DEBUG 5560 --- [restartedMain] o.s.w.s.h.BeanNameUrlHandlerMapping      : Rejected bean name 'org.springframework.boot.autoconfigure.jdbc.metadata.DataSourcePoolMetadataProvidersConfiguration': no URL paths identified
2018-10-20 14:38:08.861 DEBUG 5560 --- [restartedMain] o.s.w.s.h.BeanNameUrlHandlerMapping      : Rejected bean name 'org.springframework.boot.autoconfigure.jdbc.DataSourceInitializerInvoker': no URL paths identified
2018-10-20 14:38:08.861 DEBUG 5560 --- [restartedMain] o.s.w.s.h.BeanNameUrlHandlerMapping      : Rejected bean name 'org.springframework.boot.autoconfigure.jdbc.DataSourceInitializationConfiguration': no URL paths identified
2018-10-20 14:38:08.861 DEBUG 5560 --- [restartedMain] o.s.w.s.h.BeanNameUrlHandlerMapping      : Rejected bean name 'dataSourceInitializerPostProcessor': no URL paths identified
2018-10-20 14:38:08.861 DEBUG 5560 --- [restartedMain] o.s.w.s.h.BeanNameUrlHandlerMapping      : Rejected bean name 'org.springframework.boot.autoconfigure.jdbc.DataSourceAutoConfiguration': no URL paths identified
2018-10-20 14:38:08.862 DEBUG 5560 --- [restartedMain] o.s.w.s.h.BeanNameUrlHandlerMapping      : Rejected bean name 'spring.datasource-org.springframework.boot.autoconfigure.jdbc.DataSourceProperties': no URL paths identified
2018-10-20 14:38:08.862 DEBUG 5560 --- [restartedMain] o.s.w.s.h.BeanNameUrlHandlerMapping      : Rejected bean name 'org.springframework.boot.autoconfigure.orm.jpa.JpaBaseConfiguration$JpaWebConfiguration$JpaWebMvcConfiguration': no URL paths identified
2018-10-20 14:38:08.862 DEBUG 5560 --- [restartedMain] o.s.w.s.h.BeanNameUrlHandlerMapping      : Rejected bean name 'openEntityManagerInViewInterceptor': no URL paths identified
2018-10-20 14:38:08.862 DEBUG 5560 --- [restartedMain] o.s.w.s.h.BeanNameUrlHandlerMapping      : Rejected bean name 'org.springframework.boot.autoconfigure.orm.jpa.JpaBaseConfiguration$JpaWebConfiguration': no URL paths identified
2018-10-20 14:38:08.862 DEBUG 5560 --- [restartedMain] o.s.w.s.h.BeanNameUrlHandlerMapping      : Rejected bean name 'org.springframework.boot.autoconfigure.orm.jpa.HibernateJpaConfiguration': no URL paths identified
2018-10-20 14:38:08.862 DEBUG 5560 --- [restartedMain] o.s.w.s.h.BeanNameUrlHandlerMapping      : Rejected bean name 'transactionManager': no URL paths identified
2018-10-20 14:38:08.862 DEBUG 5560 --- [restartedMain] o.s.w.s.h.BeanNameUrlHandlerMapping      : Rejected bean name 'jpaVendorAdapter': no URL paths identified
2018-10-20 14:38:08.862 DEBUG 5560 --- [restartedMain] o.s.w.s.h.BeanNameUrlHandlerMapping      : Rejected bean name 'entityManagerFactoryBuilder': no URL paths identified
2018-10-20 14:38:08.862 DEBUG 5560 --- [restartedMain] o.s.w.s.h.BeanNameUrlHandlerMapping      : Rejected bean name 'entityManagerFactory': no URL paths identified
2018-10-20 14:38:08.862 DEBUG 5560 --- [restartedMain] o.s.w.s.h.BeanNameUrlHandlerMapping      : Rejected bean name 'spring.jpa-org.springframework.boot.autoconfigure.orm.jpa.JpaProperties': no URL paths identified
2018-10-20 14:38:08.863 DEBUG 5560 --- [restartedMain] o.s.w.s.h.BeanNameUrlHandlerMapping      : Rejected bean name 'dataSourceInitializedPublisher': no URL paths identified
2018-10-20 14:38:08.863 DEBUG 5560 --- [restartedMain] o.s.w.s.h.BeanNameUrlHandlerMapping      : Rejected bean name 'org.springframework.boot.autoconfigure.orm.jpa.HibernateJpaAutoConfiguration': no URL paths identified
2018-10-20 14:38:08.863 DEBUG 5560 --- [restartedMain] o.s.w.s.h.BeanNameUrlHandlerMapping      : Rejected bean name 'org.springframework.boot.autoconfigure.context.ConfigurationPropertiesAutoConfiguration': no URL paths identified
2018-10-20 14:38:08.863 DEBUG 5560 --- [restartedMain] o.s.w.s.h.BeanNameUrlHandlerMapping      : Rejected bean name 'org.springframework.boot.autoconfigure.dao.PersistenceExceptionTranslationAutoConfiguration': no URL paths identified
2018-10-20 14:38:08.863 DEBUG 5560 --- [restartedMain] o.s.w.s.h.BeanNameUrlHandlerMapping      : Rejected bean name 'persistenceExceptionTranslationPostProcessor': no URL paths identified
2018-10-20 14:38:08.863 DEBUG 5560 --- [restartedMain] o.s.w.s.h.BeanNameUrlHandlerMapping      : Rejected bean name 'org.springframework.boot.autoconfigure.data.jpa.JpaRepositoriesAutoConfiguration': no URL paths identified
2018-10-20 14:38:08.863 DEBUG 5560 --- [restartedMain] o.s.w.s.h.BeanNameUrlHandlerMapping      : Rejected bean name 'emBeanDefinitionRegistrarPostProcessor': no URL paths identified
2018-10-20 14:38:08.863 DEBUG 5560 --- [restartedMain] o.s.w.s.h.BeanNameUrlHandlerMapping      : Rejected bean name 'jpaMappingContext': no URL paths identified
2018-10-20 14:38:08.863 DEBUG 5560 --- [restartedMain] o.s.w.s.h.BeanNameUrlHandlerMapping      : Rejected bean name 'jpaContext': no URL paths identified
2018-10-20 14:38:08.863 DEBUG 5560 --- [restartedMain] o.s.w.s.h.BeanNameUrlHandlerMapping      : Rejected bean name 'orderStatusRepo': no URL paths identified
2018-10-20 14:38:08.864 DEBUG 5560 --- [restartedMain] o.s.w.s.h.BeanNameUrlHandlerMapping      : Rejected bean name 'routeRepo': no URL paths identified
2018-10-20 14:38:08.864 DEBUG 5560 --- [restartedMain] o.s.w.s.h.BeanNameUrlHandlerMapping      : Rejected bean name 'areaRepo': no URL paths identified
2018-10-20 14:38:08.864 DEBUG 5560 --- [restartedMain] o.s.w.s.h.BeanNameUrlHandlerMapping      : Rejected bean name 'userRepo': no URL paths identified
2018-10-20 14:38:08.864 DEBUG 5560 --- [restartedMain] o.s.w.s.h.BeanNameUrlHandlerMapping      : Rejected bean name 'clientRepo': no URL paths identified
2018-10-20 14:38:08.864 DEBUG 5560 --- [restartedMain] o.s.w.s.h.BeanNameUrlHandlerMapping      : Rejected bean name 'parcelRepo': no URL paths identified
2018-10-20 14:38:08.864 DEBUG 5560 --- [restartedMain] o.s.w.s.h.BeanNameUrlHandlerMapping      : Rejected bean name 'orderFinancesRepo': no URL paths identified
2018-10-20 14:38:08.864 DEBUG 5560 --- [restartedMain] o.s.w.s.h.BeanNameUrlHandlerMapping      : Rejected bean name 'employeeRepo': no URL paths identified
2018-10-20 14:38:08.864 DEBUG 5560 --- [restartedMain] o.s.w.s.h.BeanNameUrlHandlerMapping      : Rejected bean name 'operationRepo': no URL paths identified
2018-10-20 14:38:08.864 DEBUG 5560 --- [restartedMain] o.s.w.s.h.BeanNameUrlHandlerMapping      : Rejected bean name 'orderRepo': no URL paths identified
2018-10-20 14:38:08.865 DEBUG 5560 --- [restartedMain] o.s.w.s.h.BeanNameUrlHandlerMapping      : Rejected bean name 'vehicleRepo': no URL paths identified
2018-10-20 14:38:08.865 DEBUG 5560 --- [restartedMain] o.s.w.s.h.BeanNameUrlHandlerMapping      : Rejected bean name 'driverRepo': no URL paths identified
2018-10-20 14:38:08.865 DEBUG 5560 --- [restartedMain] o.s.w.s.h.BeanNameUrlHandlerMapping      : Rejected bean name 'org.springframework.boot.autoconfigure.jackson.JacksonAutoConfiguration$Jackson2ObjectMapperBuilderCustomizerConfiguration': no URL paths identified
2018-10-20 14:38:08.865 DEBUG 5560 --- [restartedMain] o.s.w.s.h.BeanNameUrlHandlerMapping      : Rejected bean name 'standardJacksonObjectMapperBuilderCustomizer': no URL paths identified
2018-10-20 14:38:08.865 DEBUG 5560 --- [restartedMain] o.s.w.s.h.BeanNameUrlHandlerMapping      : Rejected bean name 'spring.jackson-org.springframework.boot.autoconfigure.jackson.JacksonProperties': no URL paths identified
2018-10-20 14:38:08.865 DEBUG 5560 --- [restartedMain] o.s.w.s.h.BeanNameUrlHandlerMapping      : Rejected bean name 'org.springframework.boot.autoconfigure.jackson.JacksonAutoConfiguration$JacksonObjectMapperBuilderConfiguration': no URL paths identified
2018-10-20 14:38:08.865 DEBUG 5560 --- [restartedMain] o.s.w.s.h.BeanNameUrlHandlerMapping      : Rejected bean name 'jacksonObjectMapperBuilder': no URL paths identified
2018-10-20 14:38:08.866 DEBUG 5560 --- [restartedMain] o.s.w.s.h.BeanNameUrlHandlerMapping      : Rejected bean name 'org.springframework.boot.autoconfigure.jackson.JacksonAutoConfiguration$ParameterNamesModuleConfiguration': no URL paths identified
2018-10-20 14:38:08.866 DEBUG 5560 --- [restartedMain] o.s.w.s.h.BeanNameUrlHandlerMapping      : Rejected bean name 'parameterNamesModule': no URL paths identified
2018-10-20 14:38:08.866 DEBUG 5560 --- [restartedMain] o.s.w.s.h.BeanNameUrlHandlerMapping      : Rejected bean name 'org.springframework.boot.autoconfigure.jackson.JacksonAutoConfiguration$JacksonObjectMapperConfiguration': no URL paths identified
2018-10-20 14:38:08.866 DEBUG 5560 --- [restartedMain] o.s.w.s.h.BeanNameUrlHandlerMapping      : Rejected bean name 'jacksonObjectMapper': no URL paths identified
2018-10-20 14:38:08.866 DEBUG 5560 --- [restartedMain] o.s.w.s.h.BeanNameUrlHandlerMapping      : Rejected bean name 'org.springframework.boot.autoconfigure.jackson.JacksonAutoConfiguration': no URL paths identified
2018-10-20 14:38:08.866 DEBUG 5560 --- [restartedMain] o.s.w.s.h.BeanNameUrlHandlerMapping      : Rejected bean name 'jsonComponentModule': no URL paths identified
2018-10-20 14:38:08.866 DEBUG 5560 --- [restartedMain] o.s.w.s.h.BeanNameUrlHandlerMapping      : Rejected bean name 'org.springframework.boot.autoconfigure.http.HttpMessageConvertersAutoConfiguration$StringHttpMessageConverterConfiguration': no URL paths identified
2018-10-20 14:38:08.866 DEBUG 5560 --- [restartedMain] o.s.w.s.h.BeanNameUrlHandlerMapping      : Rejected bean name 'stringHttpMessageConverter': no URL paths identified
2018-10-20 14:38:08.867 DEBUG 5560 --- [restartedMain] o.s.w.s.h.BeanNameUrlHandlerMapping      : Rejected bean name 'spring.http.encoding-org.springframework.boot.autoconfigure.http.HttpEncodingProperties': no URL paths identified
2018-10-20 14:38:08.867 DEBUG 5560 --- [restartedMain] o.s.w.s.h.BeanNameUrlHandlerMapping      : Rejected bean name 'org.springframework.boot.autoconfigure.http.JacksonHttpMessageConvertersConfiguration$MappingJackson2HttpMessageConverterConfiguration': no URL paths identified
2018-10-20 14:38:08.867 DEBUG 5560 --- [restartedMain] o.s.w.s.h.BeanNameUrlHandlerMapping      : Rejected bean name 'mappingJackson2HttpMessageConverter': no URL paths identified
2018-10-20 14:38:08.867 DEBUG 5560 --- [restartedMain] o.s.w.s.h.BeanNameUrlHandlerMapping      : Rejected bean name 'org.springframework.boot.autoconfigure.http.JacksonHttpMessageConvertersConfiguration': no URL paths identified
2018-10-20 14:38:08.867 DEBUG 5560 --- [restartedMain] o.s.w.s.h.BeanNameUrlHandlerMapping      : Rejected bean name 'org.springframework.boot.autoconfigure.http.HttpMessageConvertersAutoConfiguration': no URL paths identified
2018-10-20 14:38:08.867 DEBUG 5560 --- [restartedMain] o.s.w.s.h.BeanNameUrlHandlerMapping      : Rejected bean name 'messageConverters': no URL paths identified
2018-10-20 14:38:08.867 DEBUG 5560 --- [restartedMain] o.s.w.s.h.BeanNameUrlHandlerMapping      : Rejected bean name 'org.springframework.data.web.config.ProjectingArgumentResolverRegistrar': no URL paths identified
2018-10-20 14:38:08.867 DEBUG 5560 --- [restartedMain] o.s.w.s.h.BeanNameUrlHandlerMapping      : Rejected bean name 'projectingArgumentResolverBeanPostProcessor': no URL paths identified
2018-10-20 14:38:08.868 DEBUG 5560 --- [restartedMain] o.s.w.s.h.BeanNameUrlHandlerMapping      : Rejected bean name 'org.springframework.data.web.config.SpringDataWebConfiguration': no URL paths identified
2018-10-20 14:38:08.868 DEBUG 5560 --- [restartedMain] o.s.w.s.h.BeanNameUrlHandlerMapping      : Rejected bean name 'pageableResolver': no URL paths identified
2018-10-20 14:38:08.868 DEBUG 5560 --- [restartedMain] o.s.w.s.h.BeanNameUrlHandlerMapping      : Rejected bean name 'sortResolver': no URL paths identified
2018-10-20 14:38:08.868 DEBUG 5560 --- [restartedMain] o.s.w.s.h.BeanNameUrlHandlerMapping      : Rejected bean name 'org.springframework.data.web.config.SpringDataJacksonConfiguration': no URL paths identified
2018-10-20 14:38:08.868 DEBUG 5560 --- [restartedMain] o.s.w.s.h.BeanNameUrlHandlerMapping      : Rejected bean name 'jacksonGeoModule': no URL paths identified
2018-10-20 14:38:08.868 DEBUG 5560 --- [restartedMain] o.s.w.s.h.BeanNameUrlHandlerMapping      : Rejected bean name 'org.springframework.boot.autoconfigure.data.web.SpringDataWebAutoConfiguration': no URL paths identified
2018-10-20 14:38:08.868 DEBUG 5560 --- [restartedMain] o.s.w.s.h.BeanNameUrlHandlerMapping      : Rejected bean name 'pageableCustomizer': no URL paths identified
2018-10-20 14:38:08.868 DEBUG 5560 --- [restartedMain] o.s.w.s.h.BeanNameUrlHandlerMapping      : Rejected bean name 'sortCustomizer': no URL paths identified
2018-10-20 14:38:08.868 DEBUG 5560 --- [restartedMain] o.s.w.s.h.BeanNameUrlHandlerMapping      : Rejected bean name 'spring.data.web-org.springframework.boot.autoconfigure.data.web.SpringDataWebProperties': no URL paths identified
2018-10-20 14:38:08.868 DEBUG 5560 --- [restartedMain] o.s.w.s.h.BeanNameUrlHandlerMapping      : Rejected bean name 'org.springframework.boot.autoconfigure.h2.H2ConsoleAutoConfiguration': no URL paths identified
2018-10-20 14:38:08.868 DEBUG 5560 --- [restartedMain] o.s.w.s.h.BeanNameUrlHandlerMapping      : Rejected bean name 'h2Console': no URL paths identified
2018-10-20 14:38:08.868 DEBUG 5560 --- [restartedMain] o.s.w.s.h.BeanNameUrlHandlerMapping      : Rejected bean name 'spring.h2.console-org.springframework.boot.autoconfigure.h2.H2ConsoleProperties': no URL paths identified
2018-10-20 14:38:08.869 DEBUG 5560 --- [restartedMain] o.s.w.s.h.BeanNameUrlHandlerMapping      : Rejected bean name 'org.springframework.boot.autoconfigure.http.codec.CodecsAutoConfiguration$JacksonCodecConfiguration': no URL paths identified
2018-10-20 14:38:08.869 DEBUG 5560 --- [restartedMain] o.s.w.s.h.BeanNameUrlHandlerMapping      : Rejected bean name 'jacksonCodecCustomizer': no URL paths identified
2018-10-20 14:38:08.869 DEBUG 5560 --- [restartedMain] o.s.w.s.h.BeanNameUrlHandlerMapping      : Rejected bean name 'org.springframework.boot.autoconfigure.http.codec.CodecsAutoConfiguration': no URL paths identified
2018-10-20 14:38:08.869 DEBUG 5560 --- [restartedMain] o.s.w.s.h.BeanNameUrlHandlerMapping      : Rejected bean name 'org.springframework.boot.autoconfigure.info.ProjectInfoAutoConfiguration': no URL paths identified
2018-10-20 14:38:08.869 DEBUG 5560 --- [restartedMain] o.s.w.s.h.BeanNameUrlHandlerMapping      : Rejected bean name 'spring.info-org.springframework.boot.autoconfigure.info.ProjectInfoProperties': no URL paths identified
2018-10-20 14:38:08.869 DEBUG 5560 --- [restartedMain] o.s.w.s.h.BeanNameUrlHandlerMapping      : Rejected bean name 'org.springframework.boot.autoconfigure.jdbc.JdbcTemplateAutoConfiguration$JdbcTemplateConfiguration': no URL paths identified
2018-10-20 14:38:08.869 DEBUG 5560 --- [restartedMain] o.s.w.s.h.BeanNameUrlHandlerMapping      : Rejected bean name 'jdbcTemplate': no URL paths identified
2018-10-20 14:38:08.869 DEBUG 5560 --- [restartedMain] o.s.w.s.h.BeanNameUrlHandlerMapping      : Rejected bean name 'org.springframework.boot.autoconfigure.jdbc.JdbcTemplateAutoConfiguration$NamedParameterJdbcTemplateConfiguration': no URL paths identified
2018-10-20 14:38:08.869 DEBUG 5560 --- [restartedMain] o.s.w.s.h.BeanNameUrlHandlerMapping      : Rejected bean name 'namedParameterJdbcTemplate': no URL paths identified
2018-10-20 14:38:08.869 DEBUG 5560 --- [restartedMain] o.s.w.s.h.BeanNameUrlHandlerMapping      : Rejected bean name 'org.springframework.boot.autoconfigure.jdbc.JdbcTemplateAutoConfiguration': no URL paths identified
2018-10-20 14:38:08.870 DEBUG 5560 --- [restartedMain] o.s.w.s.h.BeanNameUrlHandlerMapping      : Rejected bean name 'spring.jdbc-org.springframework.boot.autoconfigure.jdbc.JdbcProperties': no URL paths identified
2018-10-20 14:38:08.873 DEBUG 5560 --- [restartedMain] o.s.w.s.h.BeanNameUrlHandlerMapping      : Rejected bean name 'org.springframework.boot.autoconfigure.jdbc.DataSourceTransactionManagerAutoConfiguration$DataSourceTransactionManagerConfiguration': no URL paths identified
2018-10-20 14:38:08.873 DEBUG 5560 --- [restartedMain] o.s.w.s.h.BeanNameUrlHandlerMapping      : Rejected bean name 'org.springframework.boot.autoconfigure.jdbc.DataSourceTransactionManagerAutoConfiguration': no URL paths identified
2018-10-20 14:38:08.873 DEBUG 5560 --- [restartedMain] o.s.w.s.h.BeanNameUrlHandlerMapping      : Rejected bean name 'org.springframework.transaction.annotation.ProxyTransactionManagementConfiguration': no URL paths identified
2018-10-20 14:38:08.873 DEBUG 5560 --- [restartedMain] o.s.w.s.h.BeanNameUrlHandlerMapping      : Rejected bean name 'org.springframework.transaction.config.internalTransactionAdvisor': no URL paths identified
2018-10-20 14:38:08.873 DEBUG 5560 --- [restartedMain] o.s.w.s.h.BeanNameUrlHandlerMapping      : Rejected bean name 'transactionAttributeSource': no URL paths identified
2018-10-20 14:38:08.873 DEBUG 5560 --- [restartedMain] o.s.w.s.h.BeanNameUrlHandlerMapping      : Rejected bean name 'transactionInterceptor': no URL paths identified
2018-10-20 14:38:08.874 DEBUG 5560 --- [restartedMain] o.s.w.s.h.BeanNameUrlHandlerMapping      : Rejected bean name 'org.springframework.transaction.config.internalTransactionalEventListenerFactory': no URL paths identified
2018-10-20 14:38:08.874 DEBUG 5560 --- [restartedMain] o.s.w.s.h.BeanNameUrlHandlerMapping      : Rejected bean name 'org.springframework.boot.autoconfigure.transaction.TransactionAutoConfiguration$EnableTransactionManagementConfiguration$CglibAutoProxyConfiguration': no URL paths identified
2018-10-20 14:38:08.874 DEBUG 5560 --- [restartedMain] o.s.w.s.h.BeanNameUrlHandlerMapping      : Rejected bean name 'org.springframework.boot.autoconfigure.transaction.TransactionAutoConfiguration$EnableTransactionManagementConfiguration': no URL paths identified
2018-10-20 14:38:08.874 DEBUG 5560 --- [restartedMain] o.s.w.s.h.BeanNameUrlHandlerMapping      : Rejected bean name 'org.springframework.boot.autoconfigure.transaction.TransactionAutoConfiguration$TransactionTemplateConfiguration': no URL paths identified
2018-10-20 14:38:08.874 DEBUG 5560 --- [restartedMain] o.s.w.s.h.BeanNameUrlHandlerMapping      : Rejected bean name 'transactionTemplate': no URL paths identified
2018-10-20 14:38:08.874 DEBUG 5560 --- [restartedMain] o.s.w.s.h.BeanNameUrlHandlerMapping      : Rejected bean name 'org.springframework.boot.autoconfigure.transaction.TransactionAutoConfiguration': no URL paths identified
2018-10-20 14:38:08.874 DEBUG 5560 --- [restartedMain] o.s.w.s.h.BeanNameUrlHandlerMapping      : Rejected bean name 'platformTransactionManagerCustomizers': no URL paths identified
2018-10-20 14:38:08.874 DEBUG 5560 --- [restartedMain] o.s.w.s.h.BeanNameUrlHandlerMapping      : Rejected bean name 'spring.transaction-org.springframework.boot.autoconfigure.transaction.TransactionProperties': no URL paths identified
2018-10-20 14:38:08.874 DEBUG 5560 --- [restartedMain] o.s.w.s.h.BeanNameUrlHandlerMapping      : Rejected bean name 'org.springframework.boot.autoconfigure.web.client.RestTemplateAutoConfiguration': no URL paths identified
2018-10-20 14:38:08.874 DEBUG 5560 --- [restartedMain] o.s.w.s.h.BeanNameUrlHandlerMapping      : Rejected bean name 'restTemplateBuilder': no URL paths identified
2018-10-20 14:38:08.874 DEBUG 5560 --- [restartedMain] o.s.w.s.h.BeanNameUrlHandlerMapping      : Rejected bean name 'org.springframework.boot.autoconfigure.web.embedded.EmbeddedWebServerFactoryCustomizerAutoConfiguration$TomcatWebServerFactoryCustomizerConfiguration': no URL paths identified
2018-10-20 14:38:08.874 DEBUG 5560 --- [restartedMain] o.s.w.s.h.BeanNameUrlHandlerMapping      : Rejected bean name 'tomcatWebServerFactoryCustomizer': no URL paths identified
2018-10-20 14:38:08.875 DEBUG 5560 --- [restartedMain] o.s.w.s.h.BeanNameUrlHandlerMapping      : Rejected bean name 'org.springframework.boot.autoconfigure.web.embedded.EmbeddedWebServerFactoryCustomizerAutoConfiguration': no URL paths identified
2018-10-20 14:38:08.875 DEBUG 5560 --- [restartedMain] o.s.w.s.h.BeanNameUrlHandlerMapping      : Rejected bean name 'org.springframework.boot.autoconfigure.web.servlet.HttpEncodingAutoConfiguration': no URL paths identified
2018-10-20 14:38:08.875 DEBUG 5560 --- [restartedMain] o.s.w.s.h.BeanNameUrlHandlerMapping      : Rejected bean name 'characterEncodingFilter': no URL paths identified
2018-10-20 14:38:08.875 DEBUG 5560 --- [restartedMain] o.s.w.s.h.BeanNameUrlHandlerMapping      : Rejected bean name 'localeCharsetMappingsCustomizer': no URL paths identified
2018-10-20 14:38:08.875 DEBUG 5560 --- [restartedMain] o.s.w.s.h.BeanNameUrlHandlerMapping      : Rejected bean name 'org.springframework.boot.autoconfigure.web.servlet.MultipartAutoConfiguration': no URL paths identified
2018-10-20 14:38:08.875 DEBUG 5560 --- [restartedMain] o.s.w.s.h.BeanNameUrlHandlerMapping      : Rejected bean name 'multipartConfigElement': no URL paths identified
2018-10-20 14:38:08.875 DEBUG 5560 --- [restartedMain] o.s.w.s.h.BeanNameUrlHandlerMapping      : Rejected bean name 'multipartResolver': no URL paths identified
2018-10-20 14:38:08.875 DEBUG 5560 --- [restartedMain] o.s.w.s.h.BeanNameUrlHandlerMapping      : Rejected bean name 'spring.servlet.multipart-org.springframework.boot.autoconfigure.web.servlet.MultipartProperties': no URL paths identified
2018-10-20 14:38:08.875 DEBUG 5560 --- [restartedMain] o.s.w.s.h.BeanNameUrlHandlerMapping      : Rejected bean name 'org.springframework.boot.devtools.autoconfigure.DevToolsDataSourceAutoConfiguration$DatabaseShutdownExecutorJpaDependencyConfiguration': no URL paths identified
2018-10-20 14:38:08.875 DEBUG 5560 --- [restartedMain] o.s.w.s.h.BeanNameUrlHandlerMapping      : Rejected bean name 'org.springframework.boot.devtools.autoconfigure.DevToolsDataSourceAutoConfiguration': no URL paths identified
2018-10-20 14:38:08.875 DEBUG 5560 --- [restartedMain] o.s.w.s.h.BeanNameUrlHandlerMapping      : Rejected bean name 'inMemoryDatabaseShutdownExecutor': no URL paths identified
2018-10-20 14:38:08.875 DEBUG 5560 --- [restartedMain] o.s.w.s.h.BeanNameUrlHandlerMapping      : Rejected bean name 'org.springframework.boot.devtools.autoconfigure.LocalDevToolsAutoConfiguration$RestartConfiguration': no URL paths identified
2018-10-20 14:38:08.876 DEBUG 5560 --- [restartedMain] o.s.w.s.h.BeanNameUrlHandlerMapping      : Rejected bean name 'classPathFileSystemWatcher': no URL paths identified
2018-10-20 14:38:08.876 DEBUG 5560 --- [restartedMain] o.s.w.s.h.BeanNameUrlHandlerMapping      : Rejected bean name 'classPathRestartStrategy': no URL paths identified
2018-10-20 14:38:08.876 DEBUG 5560 --- [restartedMain] o.s.w.s.h.BeanNameUrlHandlerMapping      : Rejected bean name 'hateoasObjenesisCacheDisabler': no URL paths identified
2018-10-20 14:38:08.876 DEBUG 5560 --- [restartedMain] o.s.w.s.h.BeanNameUrlHandlerMapping      : Rejected bean name 'fileSystemWatcherFactory': no URL paths identified
2018-10-20 14:38:08.876 DEBUG 5560 --- [restartedMain] o.s.w.s.h.BeanNameUrlHandlerMapping      : Rejected bean name 'conditionEvaluationDeltaLoggingListener': no URL paths identified
2018-10-20 14:38:08.876 DEBUG 5560 --- [restartedMain] o.s.w.s.h.BeanNameUrlHandlerMapping      : Rejected bean name 'org.springframework.boot.devtools.autoconfigure.LocalDevToolsAutoConfiguration$LiveReloadConfiguration': no URL paths identified
2018-10-20 14:38:08.876 DEBUG 5560 --- [restartedMain] o.s.w.s.h.BeanNameUrlHandlerMapping      : Rejected bean name 'liveReloadServer': no URL paths identified
2018-10-20 14:38:08.876 DEBUG 5560 --- [restartedMain] o.s.w.s.h.BeanNameUrlHandlerMapping      : Rejected bean name 'optionalLiveReloadServer': no URL paths identified
2018-10-20 14:38:08.876 DEBUG 5560 --- [restartedMain] o.s.w.s.h.BeanNameUrlHandlerMapping      : Rejected bean name 'liveReloadServerEventListener': no URL paths identified
2018-10-20 14:38:08.876 DEBUG 5560 --- [restartedMain] o.s.w.s.h.BeanNameUrlHandlerMapping      : Rejected bean name 'org.springframework.boot.devtools.autoconfigure.LocalDevToolsAutoConfiguration': no URL paths identified
2018-10-20 14:38:08.876 DEBUG 5560 --- [restartedMain] o.s.w.s.h.BeanNameUrlHandlerMapping      : Rejected bean name 'spring.devtools-org.springframework.boot.devtools.autoconfigure.DevToolsProperties': no URL paths identified
2018-10-20 14:38:08.876 DEBUG 5560 --- [restartedMain] o.s.w.s.h.BeanNameUrlHandlerMapping      : Rejected bean name 'org.springframework.orm.jpa.SharedEntityManagerCreator#0': no URL paths identified
2018-10-20 14:38:08.876 DEBUG 5560 --- [restartedMain] o.s.w.s.h.BeanNameUrlHandlerMapping      : Rejected bean name 'autoConfigurationReport': no URL paths identified
2018-10-20 14:38:08.879 DEBUG 5560 --- [restartedMain] o.s.w.s.h.BeanNameUrlHandlerMapping      : Rejected bean name 'org.springframework.boot.context.ContextIdApplicationContextInitializer$ContextId': no URL paths identified
2018-10-20 14:38:08.886 DEBUG 5560 --- [restartedMain] o.s.w.s.h.BeanNameUrlHandlerMapping      : Rejected bean name 'springApplicationArguments': no URL paths identified
2018-10-20 14:38:08.886 DEBUG 5560 --- [restartedMain] o.s.w.s.h.BeanNameUrlHandlerMapping      : Rejected bean name 'springBootBanner': no URL paths identified
2018-10-20 14:38:08.886 DEBUG 5560 --- [restartedMain] o.s.w.s.h.BeanNameUrlHandlerMapping      : Rejected bean name 'springBootLoggingSystem': no URL paths identified
2018-10-20 14:38:08.886 DEBUG 5560 --- [restartedMain] o.s.w.s.h.BeanNameUrlHandlerMapping      : Rejected bean name 'environment': no URL paths identified
2018-10-20 14:38:08.886 DEBUG 5560 --- [restartedMain] o.s.w.s.h.BeanNameUrlHandlerMapping      : Rejected bean name 'systemProperties': no URL paths identified
2018-10-20 14:38:08.887 DEBUG 5560 --- [restartedMain] o.s.w.s.h.BeanNameUrlHandlerMapping      : Rejected bean name 'systemEnvironment': no URL paths identified
2018-10-20 14:38:08.887 DEBUG 5560 --- [restartedMain] o.s.w.s.h.BeanNameUrlHandlerMapping      : Rejected bean name 'org.springframework.context.annotation.ConfigurationClassPostProcessor.importRegistry': no URL paths identified
2018-10-20 14:38:08.887 DEBUG 5560 --- [restartedMain] o.s.w.s.h.BeanNameUrlHandlerMapping      : Rejected bean name 'messageSource': no URL paths identified
2018-10-20 14:38:08.887 DEBUG 5560 --- [restartedMain] o.s.w.s.h.BeanNameUrlHandlerMapping      : Rejected bean name 'applicationEventMulticaster': no URL paths identified
2018-10-20 14:38:08.887 DEBUG 5560 --- [restartedMain] o.s.w.s.h.BeanNameUrlHandlerMapping      : Rejected bean name 'servletContext': no URL paths identified
2018-10-20 14:38:08.887 DEBUG 5560 --- [restartedMain] o.s.w.s.h.BeanNameUrlHandlerMapping      : Rejected bean name 'contextParameters': no URL paths identified
2018-10-20 14:38:08.887 DEBUG 5560 --- [restartedMain] o.s.w.s.h.BeanNameUrlHandlerMapping      : Rejected bean name 'contextAttributes': no URL paths identified
2018-10-20 14:38:08.900  INFO 5560 --- [restartedMain] o.s.w.s.handler.SimpleUrlHandlerMapping  : Mapped URL path [/webjars/**] onto handler of type [class org.springframework.web.servlet.resource.ResourceHttpRequestHandler]
2018-10-20 14:38:08.900  INFO 5560 --- [restartedMain] o.s.w.s.handler.SimpleUrlHandlerMapping  : Mapped URL path [/**] onto handler of type [class org.springframework.web.servlet.resource.ResourceHttpRequestHandler]
2018-10-20 14:38:08.917 DEBUG 5560 --- [restartedMain] .m.m.a.ExceptionHandlerExceptionResolver : Looking for exception mappings: org.springframework.boot.web.servlet.context.AnnotationConfigServletWebServerApplicationContext@11d20836: startup date [Sat Oct 20 14:37:55 CEST 2018]; root of context hierarchy
2018-10-20 14:38:09.454  INFO 5560 --- [restartedMain] o.s.b.d.a.OptionalLiveReloadServer       : LiveReload server is running on port 35729
2018-10-20 14:38:09.517  INFO 5560 --- [restartedMain] o.s.j.e.a.AnnotationMBeanExporter        : Registering beans for JMX exposure on startup
2018-10-20 14:38:09.519  INFO 5560 --- [restartedMain] o.s.j.e.a.AnnotationMBeanExporter        : Bean with name 'dataSource' has been autodetected for JMX exposure
2018-10-20 14:38:09.527  INFO 5560 --- [restartedMain] o.s.j.e.a.AnnotationMBeanExporter        : Located MBean 'dataSource': registering with JMX server as MBean [com.zaxxer.hikari:name=dataSource,type=HikariDataSource]
2018-10-20 14:38:09.544 DEBUG 5560 --- [restartedMain] o.s.w.s.resource.ResourceUrlProvider     : Looking for resource handler mappings
2018-10-20 14:38:09.546 DEBUG 5560 --- [restartedMain] o.s.w.s.resource.ResourceUrlProvider     : Found resource handler mapping: URL pattern="/**/favicon.ico", locations=[class path resource [META-INF/resources/], class path resource [resources/], class path resource [static/], class path resource [public/], ServletContext resource [/], class path resource []], resolvers=[org.springframework.web.servlet.resource.PathResourceResolver@46c3df91]
2018-10-20 14:38:09.546 DEBUG 5560 --- [restartedMain] o.s.w.s.resource.ResourceUrlProvider     : Found resource handler mapping: URL pattern="/webjars/**", locations=[class path resource [META-INF/resources/webjars/]], resolvers=[org.springframework.web.servlet.resource.PathResourceResolver@f262e7c]
2018-10-20 14:38:09.546 DEBUG 5560 --- [restartedMain] o.s.w.s.resource.ResourceUrlProvider     : Found resource handler mapping: URL pattern="/**", locations=[class path resource [META-INF/resources/], class path resource [resources/], class path resource [static/], class path resource [public/], ServletContext resource [/]], resolvers=[org.springframework.web.servlet.resource.PathResourceResolver@4177cbe1]
2018-10-20 14:38:09.600  INFO 5560 --- [restartedMain] o.s.b.w.embedded.tomcat.TomcatWebServer  : Tomcat started on port(s): 8080 (http) with context path ''
2018-10-20 14:38:09.601 DEBUG 5560 --- [restartedMain] o.s.w.c.s.StandardServletEnvironment     : Adding PropertySource 'server.ports' with highest search precedence
2018-10-20 14:38:09.648  INFO 5560 --- [restartedMain] c.julian.deliverp.DelivererpApplication  : Started DelivererpApplication in 14.523 seconds (JVM running for 15.215)
2018-10-20 14:38:09.651  INFO 5560 --- [restartedMain] com.julian.deliverp.init.Init            : initializing data started...
2018-10-20 14:38:09.839  INFO 5560 --- [restartedMain] com.julian.deliverp.init.Init            : succesfully finished initializing data.
